<?xml version="1.0" encoding="utf-8"?><testsuites name="pytest tests"><testsuite name="pytest" errors="0" failures="0" skipped="0" tests="10" time="2.616" timestamp="2026-02-16T23:03:01.318582+00:00" hostname="agent-env-73314836-3a29-47b0-bbb8-279c40095e28"><testcase classname="backend.tests.test_location_delivery.TestDeliveryCalculationAPI" name="test_delivery_within_free_radius" time="0.306" /><testcase classname="backend.tests.test_location_delivery.TestDeliveryCalculationAPI" name="test_delivery_beyond_free_radius_within_max" time="0.347" /><testcase classname="backend.tests.test_location_delivery.TestDeliveryCalculationAPI" name="test_delivery_beyond_max_radius" time="0.150" /><testcase classname="backend.tests.test_location_delivery.TestDeliveryCalculationAPI" name="test_delivery_exact_boundary_free_radius" time="0.200" /><testcase classname="backend.tests.test_location_delivery.TestDeliveryCalculationAPI" name="test_delivery_invalid_business" time="0.178" /><testcase classname="backend.tests.test_location_delivery.TestDeliveryCalculationAPI" name="test_delivery_missing_coordinates" time="0.112" /><testcase classname="backend.tests.test_location_delivery.TestBusinessLocationSettings" name="test_business_has_location_fields" time="0.678" /><testcase classname="backend.tests.test_location_delivery.TestHaversineDistanceCalculation" name="test_distance_calculation_accuracy" time="0.178" /><testcase classname="backend.tests.test_location_delivery.TestHaversineDistanceCalculation" name="test_same_location_zero_distance" time="0.126" /><testcase classname="backend.tests.test_location_delivery.TestDeliveryRulesPreview" name="test_delivery_rules_in_response" time="0.151" /></testsuite></testsuites>