<?xml version="1.0" encoding="utf-8"?><testsuites name="pytest tests"><testsuite name="pytest" errors="0" failures="0" skipped="0" tests="12" time="4.862" timestamp="2026-01-25T22:40:50.106704+00:00" hostname="agent-env-73314836-3a29-47b0-bbb8-279c40095e28"><testcase classname="backend.tests.test_p2_admin_features.TestProductAttributes" name="test_get_products_with_attributes" time="0.371" /><testcase classname="backend.tests.test_p2_admin_features.TestProductAttributes" name="test_create_food_product_with_veg_attribute" time="0.409" /><testcase classname="backend.tests.test_p2_admin_features.TestProductAttributes" name="test_create_clothing_product_with_sizes_colors" time="0.401" /><testcase classname="backend.tests.test_p2_admin_features.TestProductAttributes" name="test_update_product_veg_attribute" time="0.466" /><testcase classname="backend.tests.test_p2_admin_features.TestProductAttributes" name="test_update_product_sizes_colors" time="0.448" /><testcase classname="backend.tests.test_p2_admin_features.TestBusinessSettings" name="test_get_business_has_delivery_tax_color_fields" time="0.338" /><testcase classname="backend.tests.test_p2_admin_features.TestBusinessSettings" name="test_update_delivery_charges" time="0.425" /><testcase classname="backend.tests.test_p2_admin_features.TestBusinessSettings" name="test_update_tax_percentage" time="0.374" /><testcase classname="backend.tests.test_p2_admin_features.TestBusinessSettings" name="test_update_color_scheme" time="0.455" /><testcase classname="backend.tests.test_p2_admin_features.TestBusinessSettings" name="test_public_business_endpoint_returns_colors" time="0.337" /><testcase classname="backend.tests.test_p2_admin_features.TestProductTypeValidation" name="test_grocery_product_with_veg_attribute" time="0.367" /><testcase classname="backend.tests.test_p2_admin_features.TestProductTypeValidation" name="test_electronics_product_with_colors" time="0.366" /></testsuite></testsuites>