<?xml version="1.0" encoding="utf-8"?><testsuites name="pytest tests"><testsuite name="pytest" errors="0" failures="0" skipped="0" tests="23" time="7.265" timestamp="2026-01-25T21:45:35.561198+00:00" hostname="agent-env-73314836-3a29-47b0-bbb8-279c40095e28"><testcase classname="backend.tests.test_api.TestHealthCheck" name="test_health_endpoint" time="0.082" /><testcase classname="backend.tests.test_api.TestAuthentication" name="test_signup_success" time="0.288" /><testcase classname="backend.tests.test_api.TestAuthentication" name="test_signup_duplicate_email" time="0.303" /><testcase classname="backend.tests.test_api.TestAuthentication" name="test_login_success" time="0.519" /><testcase classname="backend.tests.test_api.TestAuthentication" name="test_login_invalid_credentials" time="0.036" /><testcase classname="backend.tests.test_api.TestAuthentication" name="test_get_me_authenticated" time="0.304" /><testcase classname="backend.tests.test_api.TestAuthentication" name="test_get_me_unauthenticated" time="0.035" /><testcase classname="backend.tests.test_api.TestBusinessCRUD" name="test_create_business" time="0.308" /><testcase classname="backend.tests.test_api.TestBusinessCRUD" name="test_get_user_businesses" time="0.344" /><testcase classname="backend.tests.test_api.TestBusinessCRUD" name="test_get_business_by_id" time="0.350" /><testcase classname="backend.tests.test_api.TestBusinessCRUD" name="test_update_business" time="0.337" /><testcase classname="backend.tests.test_api.TestBusinessCRUD" name="test_get_public_business_by_subdomain" time="0.332" /><testcase classname="backend.tests.test_api.TestBusinessCRUD" name="test_duplicate_subdomain_rejected" time="0.333" /><testcase classname="backend.tests.test_api.TestProductCRUD" name="test_create_product" time="0.383" /><testcase classname="backend.tests.test_api.TestProductCRUD" name="test_get_business_products" time="0.421" /><testcase classname="backend.tests.test_api.TestProductCRUD" name="test_update_product" time="0.407" /><testcase classname="backend.tests.test_api.TestProductCRUD" name="test_delete_product" time="0.443" /><testcase classname="backend.tests.test_api.TestBookings" name="test_create_booking" time="0.371" /><testcase classname="backend.tests.test_api.TestBookings" name="test_get_business_bookings" time="0.375" /><testcase classname="backend.tests.test_api.TestOrders" name="test_create_order" time="0.377" /><testcase classname="backend.tests.test_api.TestOrders" name="test_get_business_orders" time="0.405" /><testcase classname="backend.tests.test_api.TestAnalytics" name="test_get_analytics" time="0.343" /><testcase classname="backend.tests.test_api.TestTemplates" name="test_get_templates" time="0.034" /></testsuite></testsuites>